<?xml version="1.0" encoding="UTF-8"?>
<!-- Generated by org.testng.reporters.JUnitReportReporter -->
<testsuite hostname="DESKTOP-NDIGNM8" failures="0" tests="1" name="Groupingtestng.Assertions" time="0.012" errors="0" timestamp="2022-12-10T11:27:29 IST" skipped="0">
  <testcase classname="Groupingtestng.Assertions" name="check" time="0.012"/>
  <system-out/>
</testsuite> <!-- Groupingtestng.Assertions -->
