<?xml version="1.0" encoding="UTF-8"?>
<!-- Generated by org.testng.reporters.JUnitReportReporter -->
<testsuite hostname="DESKTOP-NDIGNM8" failures="0" tests="1" name="Groupingtestng.Paralleltesting" time="2.217" errors="0" timestamp="2022-12-10T10:33:14 IST" skipped="0">
  <testcase classname="Groupingtestng.Paralleltesting" name="openbing" time="2.217"/>
  <system-out/>
</testsuite> <!-- Groupingtestng.Paralleltesting -->
