<?xml version="1.0" encoding="UTF-8"?>
<!-- Generated by org.testng.reporters.JUnitReportReporter -->
<testsuite hostname="DESKTOP-NDIGNM8" failures="0" tests="3" name="Testsuite01.Testsuitetask" time="6.995" errors="0" timestamp="2022-12-09T10:32:15 IST" skipped="0">
  <testcase classname="Testsuite01.Testsuitetask" name="firstsite" time="1.363"/>
  <system-out/>
  <testcase classname="Testsuite01.Testsuitetask" name="thirdsite" time="2.108"/>
  <system-out/>
  <testcase classname="Testsuite01.Testsuitetask" name="secondsite" time="3.524"/>
  <system-out/>
</testsuite> <!-- Testsuite01.Testsuitetask -->
