<?xml version="1.0" encoding="UTF-8"?>
<!-- Generated by org.testng.reporters.JUnitReportReporter -->
<testsuite hostname="DESKTOP-NDIGNM8" failures="0" tests="6" name="Groupingtestng.Grouping" time="0.047" errors="0" timestamp="2022-12-10T10:08:55 IST" skipped="0">
  <testcase classname="Groupingtestng.Grouping" name="apple1" time="0.019"/>
  <system-out/>
  <testcase classname="Groupingtestng.Grouping" name="vivo1" time="0.003"/>
  <system-out/>
  <testcase classname="Groupingtestng.Grouping" name="apple2" time="0.010"/>
  <system-out/>
  <testcase classname="Groupingtestng.Grouping" name="moto2" time="0.003"/>
  <system-out/>
  <testcase classname="Groupingtestng.Grouping" name="vivo2" time="0.005"/>
  <system-out/>
  <testcase classname="Groupingtestng.Grouping" name="moto1" time="0.007"/>
  <system-out/>
</testsuite> <!-- Groupingtestng.Grouping -->
