<?xml version="1.0" encoding="UTF-8"?>
<!-- Generated by org.testng.reporters.JUnitReportReporter -->
<testsuite hostname="DESKTOP-NDIGNM8" failures="0" tests="1" name="Groupingtestng.Hierarchy" time="0.020" errors="0" timestamp="2022-12-10T11:37:59 IST" skipped="0">
  <testcase classname="Groupingtestng.Hierarchy" name="test" time="0.020"/>
  <system-out/>
</testsuite> <!-- Groupingtestng.Hierarchy -->
