<?xml version="1.0" encoding="UTF-8"?>
<!-- Generated by org.testng.reporters.JUnitReportReporter -->
<testsuite hostname="DESKTOP-NDIGNM8" failures="0" tests="1" name="Groupingtestng.Parameterization" time="0.012" errors="0" timestamp="2022-12-10T10:23:14 IST" skipped="0">
  <testcase classname="Groupingtestng.Parameterization" name="printname" time="0.012"/>
  <system-out/>
</testsuite> <!-- Groupingtestng.Parameterization -->
