<?xml version="1.0" encoding="UTF-8"?>
<!-- Generated by org.testng.reporters.JUnitReportReporter -->
<testsuite hostname="DESKTOP-NDIGNM8" failures="0" tests="3" name="Skipatestcase.Testsuitetask" time="8.120" errors="0" timestamp="2022-12-09T11:59:15 IST" skipped="0">
  <testcase classname="Skipatestcase.Testsuitetask" name="secondsite" time="2.771"/>
  <system-out/>
  <testcase classname="Skipatestcase.Testsuitetask" name="thirdsite" time="2.852"/>
  <system-out/>
  <testcase classname="Skipatestcase.Testsuitetask" name="firstsite" time="2.497"/>
  <system-out/>
</testsuite> <!-- Skipatestcase.Testsuitetask -->
